c:\users\hwang\source\repos\laundry1\laundry\x64\debug\vc143.pdb
c:\users\hwang\source\repos\laundry1\laundry\x64\debug\vc143.idb
c:\users\hwang\source\repos\laundry1\laundry\x64\debug\watchingbirds.obj
c:\users\hwang\source\repos\laundry1\laundry\x64\debug\utils.obj
c:\users\hwang\source\repos\laundry1\laundry\x64\debug\questflags.obj
c:\users\hwang\source\repos\laundry1\laundry\x64\debug\assignment.obj
c:\users\hwang\source\repos\laundry1\laundry\x64\debug\village.obj
c:\users\hwang\source\repos\laundry1\laundry\x64\debug\gameclock.obj
c:\users\hwang\source\repos\laundry1\laundry\x64\debug\main.obj
c:\users\hwang\source\repos\laundry1\x64\debug\laundry.exe
c:\users\hwang\source\repos\laundry1\x64\debug\laundry.pdb
c:\users\hwang\source\repos\laundry1\laundry\x64\debug\laundry.ilk
c:\users\hwang\source\repos\laundry1\laundry\x64\debug\laundry.tlog\cl.command.1.tlog
c:\users\hwang\source\repos\laundry1\laundry\x64\debug\laundry.tlog\cl.items.tlog
c:\users\hwang\source\repos\laundry1\laundry\x64\debug\laundry.tlog\cl.read.1.tlog
c:\users\hwang\source\repos\laundry1\laundry\x64\debug\laundry.tlog\cl.write.1.tlog
c:\users\hwang\source\repos\laundry1\laundry\x64\debug\laundry.tlog\link.command.1.tlog
c:\users\hwang\source\repos\laundry1\laundry\x64\debug\laundry.tlog\link.read.1.tlog
c:\users\hwang\source\repos\laundry1\laundry\x64\debug\laundry.tlog\link.secondary.1.tlog
c:\users\hwang\source\repos\laundry1\laundry\x64\debug\laundry.tlog\link.write.1.tlog
